app/build/outputs/logs/manifest-merger-debug-report.txt
-- Merging decision tree log ---
manifest
ADDED from src\main\AndroidManifest.xml:2:1-248:12
	package
		ADDED from src\main\AndroidManifest.xml:3:5-35
		INJECTED from src\main\AndroidManifest.xml
		INJECTED from src\main\AndroidManifest.xml
	android:versionName
		ADDED from src\main\AndroidManifest.xml:5:5-32
		INJECTED from src\main\AndroidManifest.xml
		INJECTED from src\main\AndroidManifest.xml
	android:versionCode
		ADDED from src\main\AndroidManifest.xml:4:5-31
		INJECTED from src\main\AndroidManifest.xml
		INJECTED from src\main\AndroidManifest.xml
	xmlns:android
		ADDED from src\main\AndroidManifest.xml:2:11-69
uses-sdk
ADDED from src\main\AndroidManifest.xml:8:5-10:41
MERGED from [com.android.support:support-v4:23.4.0] AndroidManifest.xml:20:5-43
	android:targetSdkVersion
		ADDED from src\main\AndroidManifest.xml:10:9-38
		INJECTED from src\main\AndroidManifest.xml
		INJECTED from src\main\AndroidManifest.xml
	android:minSdkVersion
		ADDED from src\main\AndroidManifest.xml:9:9-35
		INJECTED from src\main\AndroidManifest.xml
		INJECTED from src\main\AndroidManifest.xml
uses-feature#0x00020000
ADDED from src\main\AndroidManifest.xml:11:2-64
	android:glEsVersion
		ADDED from src\main\AndroidManifest.xml:11:16-48
uses-feature#android.hardware.camera
ADDED from src\main\AndroidManifest.xml:13:5-60
	android:name
		ADDED from src\main\AndroidManifest.xml:13:19-57
uses-feature#android.hardware.autofocus
ADDED from src\main\AndroidManifest.xml:14:5-63
	android:name
		ADDED from src\main\AndroidManifest.xml:14:19-60
uses-permission#android.permission.CAMERA
ADDED from src\main\AndroidManifest.xml:17:5-65
	android:name
		ADDED from src\main\AndroidManifest.xml:17:22-62
uses-permission#android.permission.FLASHLIGHT
ADDED from src\main\AndroidManifest.xml:18:5-69
	android:name
		ADDED from src\main\AndroidManifest.xml:18:22-66
uses-permission#android.permission.RECORD_AUDIO
ADDED from src\main\AndroidManifest.xml:19:5-71
	android:name
		ADDED from src\main\AndroidManifest.xml:19:22-68
uses-permission#android.permission.WAKE_LOCK
ADDED from src\main\AndroidManifest.xml:20:5-68
	android:name
		ADDED from src\main\AndroidManifest.xml:20:22-65
uses-permission#android.permission.WRITE_EXTERNAL_STORAGE
ADDED from src\main\AndroidManifest.xml:21:5-81
	android:name
		ADDED from src\main\AndroidManifest.xml:21:22-78
uses-permission#android.permission.MODIFY_AUDIO_SETTINGS
ADDED from src\main\AndroidManifest.xml:22:5-80
	android:name
		ADDED from src\main\AndroidManifest.xml:22:22-77
uses-permission#android.permission.RECORD_VIDEO
ADDED from src\main\AndroidManifest.xml:26:5-70
	android:name
		ADDED from src\main\AndroidManifest.xml:26:22-68
uses-permission#android.permission.READ_EXTERNAL_STORAGE
ADDED from src\main\AndroidManifest.xml:27:5-79
	android:name
		ADDED from src\main\AndroidManifest.xml:27:22-77
uses-permission#android.permission.READ_PHONE_STATE
ADDED from src\main\AndroidManifest.xml:29:5-74
	android:name
		ADDED from src\main\AndroidManifest.xml:29:22-72
uses-permission#android.permission.GET_TASKS
ADDED from src\main\AndroidManifest.xml:30:5-67
	android:name
		ADDED from src\main\AndroidManifest.xml:30:22-65
uses-permission#android.permission.INTERNET
ADDED from src\main\AndroidManifest.xml:31:5-66
	android:name
		ADDED from src\main\AndroidManifest.xml:31:22-64
uses-permission#android.permission.MANAGE_ACCOUNTS
ADDED from src\main\AndroidManifest.xml:32:5-73
	android:name
		ADDED from src\main\AndroidManifest.xml:32:22-71
uses-permission#android.permission.GET_ACCOUNTS
ADDED from src\main\AndroidManifest.xml:33:5-70
	android:name
		ADDED from src\main\AndroidManifest.xml:33:22-68
permission#android.permission.FLASHLIGHT
ADDED from src\main\AndroidManifest.xml:39:5-42:44
	android:protectionLevel
		ADDED from src\main\AndroidManifest.xml:42:9-41
	android:permissionGroup
		ADDED from src\main\AndroidManifest.xml:41:9-77
	android:name
		ADDED from src\main\AndroidManifest.xml:40:9-53
uses-feature#android.hardware.camera.front
ADDED from src\main\AndroidManifest.xml:45:5-47:36
	android:required
		ADDED from src\main\AndroidManifest.xml:47:9-33
	android:name
		ADDED from src\main\AndroidManifest.xml:46:9-53
application
ADDED from src\main\AndroidManifest.xml:50:5-246:19
MERGED from [com.android.support:support-v4:23.4.0] AndroidManifest.xml:22:5-20
	android:label
		ADDED from src\main\AndroidManifest.xml:55:9-41
	android:allowBackup
		ADDED from src\main\AndroidManifest.xml:52:9-35
	android:icon
		ADDED from src\main\AndroidManifest.xml:53:9-45
	android:largeHeap
		ADDED from src\main\AndroidManifest.xml:54:9-33
	android:theme
		ADDED from src\main\AndroidManifest.xml:56:9-40
	android:name
		ADDED from src\main\AndroidManifest.xml:51:9-63
activity#com.example.advanceDemo.StartActivity
ADDED from src\main\AndroidManifest.xml:58:9-67:21
	android:theme
		ADDED from src\main\AndroidManifest.xml:59:13-45
	android:name
		ADDED from src\main\AndroidManifest.xml:58:19-71
intent-filter#android.intent.action.MAIN+android.intent.category.LAUNCHER
ADDED from src\main\AndroidManifest.xml:61:14-65:29
action#android.intent.action.MAIN
ADDED from src\main\AndroidManifest.xml:62:17-69
	android:name
		ADDED from src\main\AndroidManifest.xml:62:25-66
category#android.intent.category.LAUNCHER
ADDED from src\main\AndroidManifest.xml:64:17-77
	android:name
		ADDED from src\main\AndroidManifest.xml:64:27-74
activity#com.example.advanceDemo.ListMainActivity
ADDED from src\main\AndroidManifest.xml:69:9-73:20
	android:screenOrientation
		ADDED from src\main\AndroidManifest.xml:71:13-49
	android:name
		ADDED from src\main\AndroidManifest.xml:70:13-68
activity#com.example.advanceDemo.ListLayerDemoActivity
ADDED from src\main\AndroidManifest.xml:76:14-96
	android:name
		ADDED from src\main\AndroidManifest.xml:76:24-84
activity#com.example.advanceDemo.ListSceneDemoActivity
ADDED from src\main\AndroidManifest.xml:77:14-96
	android:name
		ADDED from src\main\AndroidManifest.xml:77:24-84
activity#com.example.advanceDemo.ListCoolDemoActivity
ADDED from src\main\AndroidManifest.xml:78:14-95
	android:name
		ADDED from src\main\AndroidManifest.xml:78:24-83
activity#com.example.advanceDemo.ListFaceDetectedDemoActivity
ADDED from src\main\AndroidManifest.xml:79:14-103
	android:name
		ADDED from src\main\AndroidManifest.xml:79:24-91
activity#com.example.advanceDemo.ListCameraRecordActivity
ADDED from src\main\AndroidManifest.xml:82:9-83:61
	android:screenOrientation
		ADDED from src\main\AndroidManifest.xml:83:13-49
	android:name
		ADDED from src\main\AndroidManifest.xml:82:19-82
activity#com.example.advanceDemo.camera.CameraLayerEXTPcmActivity
ADDED from src\main\AndroidManifest.xml:85:9-102
	android:name
		ADDED from src\main\AndroidManifest.xml:85:19-90
activity#com.example.advanceDemo.camera.CameraLayerRectActivity
ADDED from src\main\AndroidManifest.xml:87:11-88:61
	android:screenOrientation
		ADDED from src\main\AndroidManifest.xml:88:13-49
	android:name
		ADDED from src\main\AndroidManifest.xml:87:21-90
activity#com.example.advanceDemo.camera.CameraLayerFullPortActivity
ADDED from src\main\AndroidManifest.xml:89:9-93:19
	android:screenOrientation
		ADDED from src\main\AndroidManifest.xml:90:13-49
	android:theme
		ADDED from src\main\AndroidManifest.xml:91:13-71
	android:name
		ADDED from src\main\AndroidManifest.xml:89:19-92
activity#com.example.advanceDemo.camera.CameraLayerFullPortWithMp3Activity
ADDED from src\main\AndroidManifest.xml:96:9-100:19
	android:screenOrientation
		ADDED from src\main\AndroidManifest.xml:97:13-49
	android:theme
		ADDED from src\main\AndroidManifest.xml:98:13-71
	android:name
		ADDED from src\main\AndroidManifest.xml:96:19-99
activity#com.example.advanceDemo.camera.CameraSubLayerDemo1Activity
ADDED from src\main\AndroidManifest.xml:103:10-107:19
	android:screenOrientation
		ADDED from src\main\AndroidManifest.xml:104:13-49
	android:theme
		ADDED from src\main\AndroidManifest.xml:105:13-71
	android:name
		ADDED from src\main\AndroidManifest.xml:103:20-93
activity#com.example.advanceDemo.camera.CameraSubLayerDemo2Activity
ADDED from src\main\AndroidManifest.xml:109:11-113:19
	android:screenOrientation
		ADDED from src\main\AndroidManifest.xml:110:13-49
	android:theme
		ADDED from src\main\AndroidManifest.xml:111:13-71
	android:name
		ADDED from src\main\AndroidManifest.xml:109:21-94
activity#com.example.advanceDemo.camera.CameraLayerFullSegmentActivity
ADDED from src\main\AndroidManifest.xml:115:8-119:19
	android:screenOrientation
		ADDED from src\main\AndroidManifest.xml:116:13-49
	android:theme
		ADDED from src\main\AndroidManifest.xml:117:13-71
	android:name
		ADDED from src\main\AndroidManifest.xml:115:18-94
activity#com.example.advanceDemo.camera.CameraLayerFullLandscapeActivity
ADDED from src\main\AndroidManifest.xml:121:9-125:19
	android:screenOrientation
		ADDED from src\main\AndroidManifest.xml:122:13-50
	android:theme
		ADDED from src\main\AndroidManifest.xml:123:17-75
	android:name
		ADDED from src\main\AndroidManifest.xml:121:21-99
activity#com.example.advanceDemo.camera.CameraLayerKTVDemoActivity
ADDED from src\main\AndroidManifest.xml:127:9-131:19
	android:screenOrientation
		ADDED from src\main\AndroidManifest.xml:128:13-50
	android:theme
		ADDED from src\main\AndroidManifest.xml:129:17-75
	android:name
		ADDED from src\main\AndroidManifest.xml:127:21-93
activity#com.example.advanceDemo.Demo1LayerMothedActivity
ADDED from src\main\AndroidManifest.xml:136:9-137:61
	android:screenOrientation
		ADDED from src\main\AndroidManifest.xml:137:13-49
	android:name
		ADDED from src\main\AndroidManifest.xml:136:19-82
activity#com.example.advanceDemo.Demo2LayerMothedActivity
ADDED from src\main\AndroidManifest.xml:138:9-94
	android:name
		ADDED from src\main\AndroidManifest.xml:138:19-82
activity#com.example.advanceDemo.Demo3LayerFilterActivity
ADDED from src\main\AndroidManifest.xml:139:9-94
	android:name
		ADDED from src\main\AndroidManifest.xml:139:19-82
activity#com.example.advanceDemo.Demo4SubLayerMothedActivity
ADDED from src\main\AndroidManifest.xml:140:9-97
	android:name
		ADDED from src\main\AndroidManifest.xml:140:19-85
activity#com.example.advanceDemo.VideoSpeedDemoActivity
ADDED from src\main\AndroidManifest.xml:143:9-92
	android:name
		ADDED from src\main\AndroidManifest.xml:143:19-80
activity#com.example.advanceDemo.VideoOneProcessActivity
ADDED from src\main\AndroidManifest.xml:145:9-93
	android:name
		ADDED from src\main\AndroidManifest.xml:145:19-81
activity#com.example.advanceDemo.BitmapLayerMarkActivity
ADDED from src\main\AndroidManifest.xml:149:9-93
	android:name
		ADDED from src\main\AndroidManifest.xml:149:19-81
activity#com.example.advanceDemo.TwoVideoLayerActivity
ADDED from src\main\AndroidManifest.xml:153:10-92
	android:name
		ADDED from src\main\AndroidManifest.xml:153:20-80
activity#com.example.advanceDemo.ExecuteTwoVideoLayerDemoActivity
ADDED from src\main\AndroidManifest.xml:155:10-103
	android:name
		ADDED from src\main\AndroidManifest.xml:155:20-91
activity#com.example.advanceDemo.ExecuteSeekVideoDemoActivity
ADDED from src\main\AndroidManifest.xml:156:16-105
	android:name
		ADDED from src\main\AndroidManifest.xml:156:26-93
activity#com.example.advanceDemo.TextureLayerDemoActivity
ADDED from src\main\AndroidManifest.xml:159:9-94
	android:name
		ADDED from src\main\AndroidManifest.xml:159:19-82
activity#com.example.advanceDemo.BitmapLayerFilterDemoActivity
ADDED from src\main\AndroidManifest.xml:161:11-101
	android:name
		ADDED from src\main\AndroidManifest.xml:161:21-89
activity#com.example.advanceDemo.scene.LayerLayoutDemoActivity
ADDED from src\main\AndroidManifest.xml:165:10-100
	android:name
		ADDED from src\main\AndroidManifest.xml:165:20-88
activity#com.example.advanceDemo.scene.Video2LayoutActivity
ADDED from src\main\AndroidManifest.xml:166:9-96
	android:name
		ADDED from src\main\AndroidManifest.xml:166:19-84
activity#com.example.advanceDemo.scene.VideoLayerTransformActivity
ADDED from src\main\AndroidManifest.xml:168:9-103
	android:name
		ADDED from src\main\AndroidManifest.xml:168:19-91
activity#com.example.advanceDemo.scene.MoreLayHeadSeekActivity
ADDED from src\main\AndroidManifest.xml:170:9-99
	android:name
		ADDED from src\main\AndroidManifest.xml:170:19-87
activity#com.example.advanceDemo.scene.VideoLayerAutoUpdateActivity
ADDED from src\main\AndroidManifest.xml:172:9-104
	android:name
		ADDED from src\main\AndroidManifest.xml:172:19-92
activity#com.example.advanceDemo.scene.PictureSetRealTimeActivity
ADDED from src\main\AndroidManifest.xml:174:9-102
	android:name
		ADDED from src\main\AndroidManifest.xml:174:19-90
activity#com.example.advanceDemo.scene.OutBodyDemoActivity
ADDED from src\main\AndroidManifest.xml:176:9-95
	android:name
		ADDED from src\main\AndroidManifest.xml:176:19-83
activity#com.example.advanceDemo.scene.ExecuteAllDrawpadActivity
ADDED from src\main\AndroidManifest.xml:177:11-103
	android:name
		ADDED from src\main\AndroidManifest.xml:177:21-91
activity#com.example.advanceDemo.cool.VViewImage3DDemoActivity
ADDED from src\main\AndroidManifest.xml:180:9-99
	android:name
		ADDED from src\main\AndroidManifest.xml:180:19-87
activity#com.example.advanceDemo.cool.ParticleDemoActivity
ADDED from src\main\AndroidManifest.xml:181:9-95
	android:name
		ADDED from src\main\AndroidManifest.xml:181:19-83
activity#com.example.advanceDemo.ExecuteCanvasLayerActivity
ADDED from src\main\AndroidManifest.xml:185:10-97
	android:name
		ADDED from src\main\AndroidManifest.xml:185:20-85
activity#com.example.advanceDemo.ExecuteVideoLayerActivity
ADDED from src\main\AndroidManifest.xml:187:9-95
	android:name
		ADDED from src\main\AndroidManifest.xml:187:19-83
activity#com.example.advanceDemo.ExecuteFilterDemoActivity
ADDED from src\main\AndroidManifest.xml:188:9-95
	android:name
		ADDED from src\main\AndroidManifest.xml:188:19-83
activity#com.example.advanceDemo.ExtractVideoFrameDemoActivity
ADDED from src\main\AndroidManifest.xml:190:9-99
	android:name
		ADDED from src\main\AndroidManifest.xml:190:19-87
activity#com.example.advanceDemo.DisplayFramesActivity
ADDED from src\main\AndroidManifest.xml:193:9-91
	android:name
		ADDED from src\main\AndroidManifest.xml:193:19-79
activity#com.example.advanceDemo.ListBitmapAudioActivity
ADDED from src\main\AndroidManifest.xml:194:9-93
	android:name
		ADDED from src\main\AndroidManifest.xml:194:19-81
activity#com.example.advanceDemo.ExecuteBitmapPadActivity
ADDED from src\main\AndroidManifest.xml:197:9-94
	android:name
		ADDED from src\main\AndroidManifest.xml:197:19-82
activity#com.example.advanceDemo.CanvasLayerDemoActivity
ADDED from src\main\AndroidManifest.xml:198:9-93
	android:name
		ADDED from src\main\AndroidManifest.xml:198:19-81
activity#com.example.advanceDemo.BitmapEditDemoActivity
ADDED from src\main\AndroidManifest.xml:200:8-91
	android:name
		ADDED from src\main\AndroidManifest.xml:200:18-79
activity#com.example.advanceDemo.VideoPlayerActivity
ADDED from src\main\AndroidManifest.xml:207:9-89
	android:name
		ADDED from src\main\AndroidManifest.xml:207:19-77
activity#com.example.advanceDemo.FilterExecuteActivity
ADDED from src\main\AndroidManifest.xml:208:9-91
	android:name
		ADDED from src\main\AndroidManifest.xml:208:19-79
activity#com.example.advanceDemo.FileExplorerActivity
ADDED from src\main\AndroidManifest.xml:209:9-210:57
	android:label
		ADDED from src\main\AndroidManifest.xml:210:9-45
	android:name
		ADDED from src\main\AndroidManifest.xml:209:19-78
activity#com.example.advanceDemo.ShowOneBitmapActivity
ADDED from src\main\AndroidManifest.xml:212:9-91
	android:name
		ADDED from src\main\AndroidManifest.xml:212:19-79
activity#com.example.advanceDemo.scene.ExecuteBitmapLayerActivity
ADDED from src\main\AndroidManifest.xml:214:9-102
	android:name
		ADDED from src\main\AndroidManifest.xml:214:19-90
activity#com.example.advanceDemo.ViewLayerDemoActivity
ADDED from src\main\AndroidManifest.xml:215:9-91
	android:name
		ADDED from src\main\AndroidManifest.xml:215:19-79
activity#com.example.advanceDemo.ViewLayerOnlyActivity
ADDED from src\main\AndroidManifest.xml:217:9-91
	android:name
		ADDED from src\main\AndroidManifest.xml:217:19-79
activity#com.example.advanceDemo.ViewLayerOnlyRealTimeActivity2
ADDED from src\main\AndroidManifest.xml:219:9-100
	android:name
		ADDED from src\main\AndroidManifest.xml:219:19-88
activity#com.example.advanceDemo.MVLayerDemoActivity
ADDED from src\main\AndroidManifest.xml:220:9-89
	android:name
		ADDED from src\main\AndroidManifest.xml:220:19-77
activity#com.example.commonDemo.CommonDemoActivity
ADDED from src\main\AndroidManifest.xml:241:13-91
	android:name
		ADDED from src\main\AndroidManifest.xml:241:23-79
activity#com.example.commonDemo.MediaInfoActivity
ADDED from src\main\AndroidManifest.xml:242:10-87
	android:name
		ADDED from src\main\AndroidManifest.xml:242:20-75
activity#com.example.commonDemo.AVEditorDemoActivity
ADDED from src\main\AndroidManifest.xml:243:10-80
	android:name
		ADDED from src\main\AndroidManifest.xml:243:20-78
activity#com.example.commonDemo.ScaleExecuteDemoActivity
ADDED from src\main\AndroidManifest.xml:244:10-84
	android:name
		ADDED from src\main\AndroidManifest.xml:244:20-82